Determining if the environ exist failed with the following output:
Change Dir: /source/sola/gaussian-splatting/cmake-3.24.0/CMakeFiles/CMakeTmp

Run Build Command(s):/usr/bin/make -f Makefile cmTC_9b172/fast && make  -f CMakeFiles/cmTC_9b172.dir/build.make CMakeFiles/cmTC_9b172.dir/build
make[1]: Entering directory '/source/sola/gaussian-splatting/cmake-3.24.0/CMakeFiles/CMakeTmp'
Building C object CMakeFiles/cmTC_9b172.dir/CheckSymbolExists.c.o
/usr/bin/gcc   -std=gnu11 -o CMakeFiles/cmTC_9b172.dir/CheckSymbolExists.c.o -c /source/sola/gaussian-splatting/cmake-3.24.0/CMakeFiles/CMakeTmp/CheckSymbolExists.c
/source/sola/gaussian-splatting/cmake-3.24.0/CMakeFiles/CMakeTmp/CheckSymbolExists.c: In function 'main':
/source/sola/gaussian-splatting/cmake-3.24.0/CMakeFiles/CMakeTmp/CheckSymbolExists.c:8:19: error: 'environ' undeclared (first use in this function)
    8 |   return ((int*)(&environ))[argc];
      |                   ^~~~~~~
/source/sola/gaussian-splatting/cmake-3.24.0/CMakeFiles/CMakeTmp/CheckSymbolExists.c:8:19: note: each undeclared identifier is reported only once for each function it appears in
make[1]: *** [CMakeFiles/cmTC_9b172.dir/build.make:78: CMakeFiles/cmTC_9b172.dir/CheckSymbolExists.c.o] Error 1
make[1]: Leaving directory '/source/sola/gaussian-splatting/cmake-3.24.0/CMakeFiles/CMakeTmp'
make: *** [Makefile:127: cmTC_9b172/fast] Error 2


File /source/sola/gaussian-splatting/cmake-3.24.0/CMakeFiles/CMakeTmp/CheckSymbolExists.c:
/* */
#include <stdlib.h>

int main(int argc, char** argv)
{
  (void)argv;
#ifndef environ
  return ((int*)(&environ))[argc];
#else
  (void)argc;
  return 0;
#endif
}
Performing C SOURCE FILE Test CMAKE_HAVE_LIBC_PTHREAD failed with the following output:
Change Dir: /source/sola/gaussian-splatting/cmake-3.24.0/CMakeFiles/CMakeTmp

Run Build Command(s):/usr/bin/make -f Makefile cmTC_c7de0/fast && make  -f CMakeFiles/cmTC_c7de0.dir/build.make CMakeFiles/cmTC_c7de0.dir/build
make[1]: Entering directory '/source/sola/gaussian-splatting/cmake-3.24.0/CMakeFiles/CMakeTmp'
Building C object CMakeFiles/cmTC_c7de0.dir/src.c.o
/usr/bin/gcc -DCMAKE_HAVE_LIBC_PTHREAD  -std=gnu11 -o CMakeFiles/cmTC_c7de0.dir/src.c.o -c /source/sola/gaussian-splatting/cmake-3.24.0/CMakeFiles/CMakeTmp/src.c
Linking C executable cmTC_c7de0
/source/sola/gaussian-splatting/cmake-3.24.0/Bootstrap.cmk/cmake -E cmake_link_script CMakeFiles/cmTC_c7de0.dir/link.txt --verbose=1
/usr/bin/gcc CMakeFiles/cmTC_c7de0.dir/src.c.o -o cmTC_c7de0 
/usr/bin/ld: CMakeFiles/cmTC_c7de0.dir/src.c.o: in function `main':
src.c:(.text+0x46): undefined reference to `pthread_create'
/usr/bin/ld: src.c:(.text+0x52): undefined reference to `pthread_detach'
/usr/bin/ld: src.c:(.text+0x5e): undefined reference to `pthread_cancel'
/usr/bin/ld: src.c:(.text+0x6f): undefined reference to `pthread_join'
collect2: error: ld returned 1 exit status
make[1]: *** [CMakeFiles/cmTC_c7de0.dir/build.make:99: cmTC_c7de0] Error 1
make[1]: Leaving directory '/source/sola/gaussian-splatting/cmake-3.24.0/CMakeFiles/CMakeTmp'
make: *** [Makefile:127: cmTC_c7de0/fast] Error 2


Source file was:
#include <pthread.h>

static void* test_func(void* data)
{
  return data;
}

int main(void)
{
  pthread_t thread;
  pthread_create(&thread, NULL, test_func, NULL);
  pthread_detach(thread);
  pthread_cancel(thread);
  pthread_join(thread, NULL);
  pthread_atfork(NULL, NULL, NULL);
  pthread_exit(NULL);

  return 0;
}

Determining if the function pthread_create exists in the pthreads failed with the following output:
Change Dir: /source/sola/gaussian-splatting/cmake-3.24.0/CMakeFiles/CMakeTmp

Run Build Command(s):/usr/bin/make -f Makefile cmTC_d2d3e/fast && make  -f CMakeFiles/cmTC_d2d3e.dir/build.make CMakeFiles/cmTC_d2d3e.dir/build
make[1]: Entering directory '/source/sola/gaussian-splatting/cmake-3.24.0/CMakeFiles/CMakeTmp'
Building C object CMakeFiles/cmTC_d2d3e.dir/CheckFunctionExists.c.o
/usr/bin/gcc   -DCHECK_FUNCTION_EXISTS=pthread_create -std=gnu11 -o CMakeFiles/cmTC_d2d3e.dir/CheckFunctionExists.c.o -c /source/sola/gaussian-splatting/cmake-3.24.0/Modules/CheckFunctionExists.c
Linking C executable cmTC_d2d3e
/source/sola/gaussian-splatting/cmake-3.24.0/Bootstrap.cmk/cmake -E cmake_link_script CMakeFiles/cmTC_d2d3e.dir/link.txt --verbose=1
/usr/bin/gcc  -DCHECK_FUNCTION_EXISTS=pthread_create CMakeFiles/cmTC_d2d3e.dir/CheckFunctionExists.c.o -o cmTC_d2d3e  -lpthreads 
/usr/bin/ld: cannot find -lpthreads
collect2: error: ld returned 1 exit status
make[1]: *** [CMakeFiles/cmTC_d2d3e.dir/build.make:99: cmTC_d2d3e] Error 1
make[1]: Leaving directory '/source/sola/gaussian-splatting/cmake-3.24.0/CMakeFiles/CMakeTmp'
make: *** [Makefile:127: cmTC_d2d3e/fast] Error 2



Checking whether CXX compiler has environ in stdlib.h failed to compile with the following output:
Change Dir: /source/sola/gaussian-splatting/cmake-3.24.0/Source/kwsys/CMakeFiles/CMakeTmp

Run Build Command(s):/usr/bin/make -f Makefile cmTC_6c655/fast && make  -f CMakeFiles/cmTC_6c655.dir/build.make CMakeFiles/cmTC_6c655.dir/build
make[1]: Entering directory '/source/sola/gaussian-splatting/cmake-3.24.0/Source/kwsys/CMakeFiles/CMakeTmp'
Building CXX object CMakeFiles/cmTC_6c655.dir/kwsysPlatformTestsCXX.cxx.o
/usr/bin/g++ -DTEST_KWSYS_CXX_HAS_ENVIRON_IN_STDLIB_H  -std=gnu++17 -o CMakeFiles/cmTC_6c655.dir/kwsysPlatformTestsCXX.cxx.o -c /source/sola/gaussian-splatting/cmake-3.24.0/Source/kwsys/kwsysPlatformTestsCXX.cxx
/source/sola/gaussian-splatting/cmake-3.24.0/Source/kwsys/kwsysPlatformTestsCXX.cxx: In function 'int main()':
/source/sola/gaussian-splatting/cmake-3.24.0/Source/kwsys/kwsysPlatformTestsCXX.cxx:53:13: error: 'environ' was not declared in this scope; did you mean 'union'?
   53 |   char* e = environ[0];
      |             ^~~~~~~
      |             union
make[1]: *** [CMakeFiles/cmTC_6c655.dir/build.make:78: CMakeFiles/cmTC_6c655.dir/kwsysPlatformTestsCXX.cxx.o] Error 1
make[1]: Leaving directory '/source/sola/gaussian-splatting/cmake-3.24.0/Source/kwsys/CMakeFiles/CMakeTmp'
make: *** [Makefile:127: cmTC_6c655/fast] Error 2



Checking whether CXX compiler struct stat has st_mtimespec member failed to compile with the following output:
Change Dir: /source/sola/gaussian-splatting/cmake-3.24.0/Source/kwsys/CMakeFiles/CMakeTmp

Run Build Command(s):/usr/bin/make -f Makefile cmTC_4c3c1/fast && make  -f CMakeFiles/cmTC_4c3c1.dir/build.make CMakeFiles/cmTC_4c3c1.dir/build
make[1]: Entering directory '/source/sola/gaussian-splatting/cmake-3.24.0/Source/kwsys/CMakeFiles/CMakeTmp'
Building CXX object CMakeFiles/cmTC_4c3c1.dir/kwsysPlatformTestsCXX.cxx.o
/usr/bin/g++ -DTEST_KWSYS_CXX_STAT_HAS_ST_MTIMESPEC  -std=gnu++17 -o CMakeFiles/cmTC_4c3c1.dir/kwsysPlatformTestsCXX.cxx.o -c /source/sola/gaussian-splatting/cmake-3.24.0/Source/kwsys/kwsysPlatformTestsCXX.cxx
/source/sola/gaussian-splatting/cmake-3.24.0/Source/kwsys/kwsysPlatformTestsCXX.cxx: In function 'int main()':
/source/sola/gaussian-splatting/cmake-3.24.0/Source/kwsys/kwsysPlatformTestsCXX.cxx:26:15: error: 'struct stat' has no member named 'st_mtimespec'
   26 |   (void)stat1.st_mtimespec.tv_sec;
      |               ^~~~~~~~~~~~
/source/sola/gaussian-splatting/cmake-3.24.0/Source/kwsys/kwsysPlatformTestsCXX.cxx:27:15: error: 'struct stat' has no member named 'st_mtimespec'
   27 |   (void)stat1.st_mtimespec.tv_nsec;
      |               ^~~~~~~~~~~~
make[1]: *** [CMakeFiles/cmTC_4c3c1.dir/build.make:78: CMakeFiles/cmTC_4c3c1.dir/kwsysPlatformTestsCXX.cxx.o] Error 1
make[1]: Leaving directory '/source/sola/gaussian-splatting/cmake-3.24.0/Source/kwsys/CMakeFiles/CMakeTmp'
make: *** [Makefile:127: cmTC_4c3c1/fast] Error 2



Determining if the function connect exists in the socket;dl failed with the following output:
Change Dir: /source/sola/gaussian-splatting/cmake-3.24.0/CMakeFiles/CMakeTmp

Run Build Command(s):/usr/bin/make -f Makefile cmTC_439c7/fast && make  -f CMakeFiles/cmTC_439c7.dir/build.make CMakeFiles/cmTC_439c7.dir/build
make[1]: Entering directory '/source/sola/gaussian-splatting/cmake-3.24.0/CMakeFiles/CMakeTmp'
Building C object CMakeFiles/cmTC_439c7.dir/CheckFunctionExists.c.o
/usr/bin/gcc   -w -DCHECK_FUNCTION_EXISTS=connect -std=gnu11 -o CMakeFiles/cmTC_439c7.dir/CheckFunctionExists.c.o -c /source/sola/gaussian-splatting/cmake-3.24.0/Modules/CheckFunctionExists.c
Linking C executable cmTC_439c7
/source/sola/gaussian-splatting/cmake-3.24.0/Bootstrap.cmk/cmake -E cmake_link_script CMakeFiles/cmTC_439c7.dir/link.txt --verbose=1
/usr/bin/gcc  -w -DCHECK_FUNCTION_EXISTS=connect CMakeFiles/cmTC_439c7.dir/CheckFunctionExists.c.o -o cmTC_439c7  -lsocket -ldl 
/usr/bin/ld: cannot find -lsocket
collect2: error: ld returned 1 exit status
make[1]: *** [CMakeFiles/cmTC_439c7.dir/build.make:99: cmTC_439c7] Error 1
make[1]: Leaving directory '/source/sola/gaussian-splatting/cmake-3.24.0/CMakeFiles/CMakeTmp'
make: *** [Makefile:127: cmTC_439c7/fast] Error 2



